# JRE version: OpenJDK Runtime Environment (17.0.7) (build 17.0.7+0-b2043.56-10550314)
# Java VM: OpenJDK 64-Bit Server VM (17.0.7+0-b2043.56-10550314, mixed mode, tiered, compressed oops, compressed class ptrs, g1 gc, windows-amd64)
GC Precious Log:
 CPUs: 8 total, 8 available
 Memory: 5569M
 Large Page Support: Disabled
 NUMA Support: Disabled
 Compressed Oops: Enabled (32-bit)
 Heap Region Size: 1M
 Heap Min Capacity: 8M
 Heap Initial Capacity: 88M
 Heap Max Capacity: 2G
 Pre-touch: Disabled
 Parallel Workers: 8
 Concurrent Workers: 2
 Concurrent Refinement Workers: 8
 Periodic GC: Disabled
Heap:
 garbage-first heap   total 333824K, used 289049K [0x0000000080000000, 0x0000000100000000)
  region size 1024K, 161 young (164864K), 19 survivors (19456K)
 Metaspace       used 125402K, committed 126336K, reserved 1179648K
  class space    used 17139K, committed 17600K, reserved 1048576K
GC Heap History (20 events):
Event: 68.050 GC heap after
{Heap after GC invocations=66 (full 0):
 garbage-first heap   total 200704K, used 122633K [0x0000000080000000, 0x0000000100000000)
  region size 1024K, 1 young (1024K), 1 survivors (1024K)
 Metaspace       used 99468K, committed 100224K, reserved 1179648K
  class space    used 13575K, committed 13952K, reserved 1048576K
}
Event: 69.624 GC heap before
{Heap before GC invocations=66 (full 0):
 garbage-first heap   total 200704K, used 162569K [0x0000000080000000, 0x0000000100000000)
  region size 1024K, 37 young (37888K), 1 survivors (1024K)
 Metaspace       used 102268K, committed 103040K, reserved 1179648K
  class space    used 13816K, committed 14208K, reserved 1048576K
}
Event: 69.636 GC heap after
{Heap after GC invocations=67 (full 0):
 garbage-first heap   total 200704K, used 121569K [0x0000000080000000, 0x0000000100000000)
  region size 1024K, 4 young (4096K), 4 survivors (4096K)
 Metaspace       used 102268K, committed 103040K, reserved 1179648K
  class space    used 13816K, committed 14208K, reserved 1048576K
}
Event: 71.054 GC heap before
{Heap before GC invocations=67 (full 0):
 garbage-first heap   total 200704K, used 159457K [0x0000000080000000, 0x0000000100000000)
  region size 1024K, 42 young (43008K), 4 survivors (4096K)
 Metaspace       used 103894K, committed 104640K, reserved 1179648K
  class space    used 13952K, committed 14336K, reserved 1048576K
}
Event: 71.067 GC heap after
{Heap after GC invocations=68 (full 0):
 garbage-first heap   total 200704K, used 127190K [0x0000000080000000, 0x0000000100000000)
  region size 1024K, 6 young (6144K), 6 survivors (6144K)
 Metaspace       used 103894K, committed 104640K, reserved 1179648K
  class space    used 13952K, committed 14336K, reserved 1048576K
}
Event: 71.941 GC heap before
{Heap before GC invocations=68 (full 0):
 garbage-first heap   total 200704K, used 162006K [0x0000000080000000, 0x0000000100000000)
  region size 1024K, 41 young (41984K), 6 survivors (6144K)
 Metaspace       used 105449K, committed 106176K, reserved 1179648K
  class space    used 14125K, committed 14464K, reserved 1048576K
}
Event: 71.949 GC heap after
{Heap after GC invocations=69 (full 0):
 garbage-first heap   total 200704K, used 126832K [0x0000000080000000, 0x0000000100000000)
  region size 1024K, 2 young (2048K), 2 survivors (2048K)
 Metaspace       used 105449K, committed 106176K, reserved 1179648K
  class space    used 14125K, committed 14464K, reserved 1048576K
}
Event: 73.236 GC heap before
{Heap before GC invocations=69 (full 0):
 garbage-first heap   total 200704K, used 163696K [0x0000000080000000, 0x0000000100000000)
  region size 1024K, 39 young (39936K), 2 survivors (2048K)
 Metaspace       used 106071K, committed 106752K, reserved 1179648K
  class space    used 14192K, committed 14528K, reserved 1048576K
}
Event: 73.246 GC heap after
{Heap after GC invocations=70 (full 0):
 garbage-first heap   total 200704K, used 130943K [0x0000000080000000, 0x0000000100000000)
  region size 1024K, 5 young (5120K), 5 survivors (5120K)
 Metaspace       used 106071K, committed 106752K, reserved 1179648K
  class space    used 14192K, committed 14528K, reserved 1048576K
}
Event: 74.931 GC heap before
{Heap before GC invocations=71 (full 0):
 garbage-first heap   total 204800K, used 154495K [0x0000000080000000, 0x0000000100000000)
  region size 1024K, 39 young (39936K), 5 survivors (5120K)
 Metaspace       used 107093K, committed 107840K, reserved 1179648K
  class space    used 14297K, committed 14656K, reserved 1048576K
}
Event: 74.944 GC heap after
{Heap after GC invocations=72 (full 0):
 garbage-first heap   total 204800K, used 123706K [0x0000000080000000, 0x0000000100000000)
  region size 1024K, 4 young (4096K), 4 survivors (4096K)
 Metaspace       used 107093K, committed 107840K, reserved 1179648K
  class space    used 14297K, committed 14656K, reserved 1048576K
}
Event: 75.045 GC heap before
{Heap before GC invocations=72 (full 0):
 garbage-first heap   total 204800K, used 128826K [0x0000000080000000, 0x0000000100000000)
  region size 1024K, 10 young (10240K), 4 survivors (4096K)
 Metaspace       used 107093K, committed 107840K, reserved 1179648K
  class space    used 14297K, committed 14656K, reserved 1048576K
}
Event: 75.053 GC heap after
{Heap after GC invocations=73 (full 0):
 garbage-first heap   total 204800K, used 104807K [0x0000000080000000, 0x0000000100000000)
  region size 1024K, 2 young (2048K), 2 survivors (2048K)
 Metaspace       used 107093K, committed 107840K, reserved 1179648K
  class space    used 14297K, committed 14656K, reserved 1048576K
}
Event: 75.202 GC heap before
{Heap before GC invocations=73 (full 0):
 garbage-first heap   total 204800K, used 111975K [0x0000000080000000, 0x0000000100000000)
  region size 1024K, 10 young (10240K), 2 survivors (2048K)
 Metaspace       used 107093K, committed 107840K, reserved 1179648K
  class space    used 14297K, committed 14656K, reserved 1048576K
}
Event: 75.210 GC heap after
{Heap after GC invocations=74 (full 0):
 garbage-first heap   total 204800K, used 103168K [0x0000000080000000, 0x0000000100000000)
  region size 1024K, 2 young (2048K), 2 survivors (2048K)
 Metaspace       used 107093K, committed 107840K, reserved 1179648K
  class space    used 14297K, committed 14656K, reserved 1048576K
}
Event: 77.772 GC heap before
{Heap before GC invocations=74 (full 0):
 garbage-first heap   total 204800K, used 164608K [0x0000000080000000, 0x0000000100000000)
  region size 1024K, 63 young (64512K), 2 survivors (2048K)
 Metaspace       used 108135K, committed 108928K, reserved 1179648K
  class space    used 14417K, committed 14784K, reserved 1048576K
}
Event: 77.787 GC heap after
{Heap after GC invocations=75 (full 0):
 garbage-first heap   total 333824K, used 108406K [0x0000000080000000, 0x0000000100000000)
  region size 1024K, 7 young (7168K), 7 survivors (7168K)
 Metaspace       used 108135K, committed 108928K, reserved 1179648K
  class space    used 14417K, committed 14784K, reserved 1048576K
}
Event: 86.630 GC heap before
{Heap before GC invocations=75 (full 0):
 garbage-first heap   total 333824K, used 253814K [0x0000000080000000, 0x0000000100000000)
  region size 1024K, 150 young (153600K), 7 survivors (7168K)
 Metaspace       used 115747K, committed 116480K, reserved 1179648K
  class space    used 15406K, committed 15744K, reserved 1048576K
}
Event: 86.654 GC heap after
{Heap after GC invocations=76 (full 0):
 garbage-first heap   total 333824K, used 117017K [0x0000000080000000, 0x0000000100000000)
  region size 1024K, 16 young (16384K), 16 survivors (16384K)
 Metaspace       used 115747K, committed 116480K, reserved 1179648K
  class space    used 15406K, committed 15744K, reserved 1048576K
}
Event: 201.428 GC heap before
{Heap before GC invocations=76 (full 0):
 garbage-first heap   total 333824K, used 288025K [0x0000000080000000, 0x0000000100000000)
  region size 1024K, 158 young (161792K), 16 survivors (16384K)
 Metaspace       used 125402K, committed 126336K, reserved 1179648K
  class space    used 17139K, committed 17600K, reserved 1048576K
}

